<?xml version="1.0" encoding="UTF-8"?>
<!-- Generated by org.testng.reporters.JUnitReportReporter -->
<testsuite hostname="ABHISHEK" failures="0" tests="5" name="TestNg.LoginTest" time="25.216" errors="0" timestamp="2025-09-12T19:33:56 IST" skipped="0">
  <testcase classname="TestNg.LoginTest" name="loginTest" time="2.864"/>
  <testcase classname="TestNg.LoginTest" name="loginTest" time="2.937"/>
  <testcase classname="TestNg.LoginTest" name="loginTest" time="8.175"/>
  <testcase classname="TestNg.LoginTest" name="loginTest" time="3.154"/>
  <testcase classname="TestNg.LoginTest" name="loginTest" time="8.086"/>
</testsuite> <!-- TestNg.LoginTest -->
